INFO - 2024-01-11 14:52:17 --> Session: Class initialized using 'CodeIgniter\Session\Handlers\FileHandler' driver.
INFO - 2024-01-11 14:52:17 --> Session: Class initialized using 'CodeIgniter\Session\Handlers\FileHandler' driver.
INFO - 2024-01-11 14:52:22 --> Session: Class initialized using 'CodeIgniter\Session\Handlers\FileHandler' driver.
INFO - 2024-01-11 14:53:08 --> Session: Class initialized using 'CodeIgniter\Session\Handlers\FileHandler' driver.
INFO - 2024-01-11 14:53:30 --> Session: Class initialized using 'CodeIgniter\Session\Handlers\FileHandler' driver.
INFO - 2024-01-11 14:53:54 --> Session: Class initialized using 'CodeIgniter\Session\Handlers\FileHandler' driver.
INFO - 2024-01-11 14:55:09 --> Session: Class initialized using 'CodeIgniter\Session\Handlers\FileHandler' driver.
INFO - 2024-01-11 14:55:09 --> Session: Class initialized using 'CodeIgniter\Session\Handlers\FileHandler' driver.
INFO - 2024-01-11 14:57:38 --> Session: Class initialized using 'CodeIgniter\Session\Handlers\FileHandler' driver.
INFO - 2024-01-11 14:58:42 --> Session: Class initialized using 'CodeIgniter\Session\Handlers\FileHandler' driver.
INFO - 2024-01-11 15:14:11 --> Session: Class initialized using 'CodeIgniter\Session\Handlers\FileHandler' driver.
CRITICAL - 2024-01-11 15:14:11 --> Class 'App\Controllers\Notification' not found
in APPPATH/Controllers/Home.php on line 19.
 1 SYSTEMPATH/CodeIgniter.php(891): App\Controllers\Home->__construct()
 2 SYSTEMPATH/CodeIgniter.php(485): CodeIgniter\CodeIgniter->createController()
 3 SYSTEMPATH/CodeIgniter.php(353): CodeIgniter\CodeIgniter->handleRequest()
 4 FCPATH/index.php(79): CodeIgniter\CodeIgniter->run()
 5 SYSTEMPATH/Commands/Server/rewrite.php(47): require_once('/home/asman/Documents/Project_Skripsi/yolan/public/index.php')
INFO - 2024-01-11 15:14:31 --> Session: Class initialized using 'CodeIgniter\Session\Handlers\FileHandler' driver.
CRITICAL - 2024-01-11 15:14:31 --> Invalid file: "/login.php"
in SYSTEMPATH/Exceptions/FrameworkException.php on line 39.
 1 SYSTEMPATH/View/View.php(214): CodeIgniter\Exceptions\FrameworkException::forInvalidFile()
 2 SYSTEMPATH/Common.php(1188): CodeIgniter\View\View->render()
 3 APPPATH/Controllers/Home.php(77): view()
 4 SYSTEMPATH/CodeIgniter.php(919): App\Controllers\Home->index()
 5 SYSTEMPATH/CodeIgniter.php(494): CodeIgniter\CodeIgniter->runController()
 6 SYSTEMPATH/CodeIgniter.php(353): CodeIgniter\CodeIgniter->handleRequest()
 7 FCPATH/index.php(79): CodeIgniter\CodeIgniter->run()
 8 SYSTEMPATH/Commands/Server/rewrite.php(47): require_once('/home/asman/Documents/Project_Skripsi/yolan/public/index.php')
INFO - 2024-01-11 15:15:14 --> Session: Class initialized using 'CodeIgniter\Session\Handlers\FileHandler' driver.
INFO - 2024-01-11 15:15:28 --> Session: Class initialized using 'CodeIgniter\Session\Handlers\FileHandler' driver.
INFO - 2024-01-11 15:19:50 --> Session: Class initialized using 'CodeIgniter\Session\Handlers\FileHandler' driver.
CRITICAL - 2024-01-11 15:19:50 --> Undefined variable: message
in APPPATH/Views/login.php on line 38.
 1 APPPATH/Views/login.php(38): CodeIgniter\Debug\Exceptions->errorHandler()
 2 SYSTEMPATH/View/View.php(226): include('/home/asman/Documents/Project_Skripsi/yolan/app/Views/login.php')
 3 SYSTEMPATH/View/View.php(229): CodeIgniter\View\View->CodeIgniter\View\{closure}()
 4 SYSTEMPATH/Common.php(1188): CodeIgniter\View\View->render()
 5 APPPATH/Controllers/Home.php(77): view()
 6 SYSTEMPATH/CodeIgniter.php(919): App\Controllers\Home->index()
 7 SYSTEMPATH/CodeIgniter.php(494): CodeIgniter\CodeIgniter->runController()
 8 SYSTEMPATH/CodeIgniter.php(353): CodeIgniter\CodeIgniter->handleRequest()
 9 FCPATH/index.php(79): CodeIgniter\CodeIgniter->run()
10 SYSTEMPATH/Commands/Server/rewrite.php(47): require_once('/home/asman/Documents/Project_Skripsi/yolan/public/index.php')
INFO - 2024-01-11 15:19:51 --> Session: Class initialized using 'CodeIgniter\Session\Handlers\FileHandler' driver.
CRITICAL - 2024-01-11 15:19:51 --> Undefined variable: message
in APPPATH/Views/login.php on line 38.
 1 APPPATH/Views/login.php(38): CodeIgniter\Debug\Exceptions->errorHandler()
 2 SYSTEMPATH/View/View.php(226): include('/home/asman/Documents/Project_Skripsi/yolan/app/Views/login.php')
 3 SYSTEMPATH/View/View.php(229): CodeIgniter\View\View->CodeIgniter\View\{closure}()
 4 SYSTEMPATH/Common.php(1188): CodeIgniter\View\View->render()
 5 APPPATH/Controllers/Home.php(77): view()
 6 SYSTEMPATH/CodeIgniter.php(919): App\Controllers\Home->index()
 7 SYSTEMPATH/CodeIgniter.php(494): CodeIgniter\CodeIgniter->runController()
 8 SYSTEMPATH/CodeIgniter.php(353): CodeIgniter\CodeIgniter->handleRequest()
 9 FCPATH/index.php(79): CodeIgniter\CodeIgniter->run()
10 SYSTEMPATH/Commands/Server/rewrite.php(47): require_once('/home/asman/Documents/Project_Skripsi/yolan/public/index.php')
INFO - 2024-01-11 15:21:42 --> Session: Class initialized using 'CodeIgniter\Session\Handlers\FileHandler' driver.
INFO - 2024-01-11 15:21:55 --> Session: Class initialized using 'CodeIgniter\Session\Handlers\FileHandler' driver.
CRITICAL - 2024-01-11 15:21:55 --> Call to a member function message() on null
in APPPATH/Controllers/Home.php on line 58.
 1 SYSTEMPATH/CodeIgniter.php(919): App\Controllers\Home->login()
 2 SYSTEMPATH/CodeIgniter.php(494): CodeIgniter\CodeIgniter->runController()
 3 SYSTEMPATH/CodeIgniter.php(353): CodeIgniter\CodeIgniter->handleRequest()
 4 FCPATH/index.php(79): CodeIgniter\CodeIgniter->run()
 5 SYSTEMPATH/Commands/Server/rewrite.php(47): require_once('/home/asman/Documents/Project_Skripsi/yolan/public/index.php')
INFO - 2024-01-11 15:25:04 --> Session: Class initialized using 'CodeIgniter\Session\Handlers\FileHandler' driver.
CRITICAL - 2024-01-11 15:25:04 --> Class 'App\Controllers\Notif' not found
in APPPATH/Controllers/Home.php on line 21.
 1 SYSTEMPATH/CodeIgniter.php(891): App\Controllers\Home->__construct()
 2 SYSTEMPATH/CodeIgniter.php(485): CodeIgniter\CodeIgniter->createController()
 3 SYSTEMPATH/CodeIgniter.php(353): CodeIgniter\CodeIgniter->handleRequest()
 4 FCPATH/index.php(79): CodeIgniter\CodeIgniter->run()
 5 SYSTEMPATH/Commands/Server/rewrite.php(47): require_once('/home/asman/Documents/Project_Skripsi/yolan/public/index.php')
INFO - 2024-01-11 15:25:05 --> Session: Class initialized using 'CodeIgniter\Session\Handlers\FileHandler' driver.
CRITICAL - 2024-01-11 15:25:05 --> Class 'App\Controllers\Notif' not found
in APPPATH/Controllers/Home.php on line 21.
 1 SYSTEMPATH/CodeIgniter.php(891): App\Controllers\Home->__construct()
 2 SYSTEMPATH/CodeIgniter.php(485): CodeIgniter\CodeIgniter->createController()
 3 SYSTEMPATH/CodeIgniter.php(353): CodeIgniter\CodeIgniter->handleRequest()
 4 FCPATH/index.php(79): CodeIgniter\CodeIgniter->run()
 5 SYSTEMPATH/Commands/Server/rewrite.php(47): require_once('/home/asman/Documents/Project_Skripsi/yolan/public/index.php')
INFO - 2024-01-11 15:27:42 --> Session: Class initialized using 'CodeIgniter\Session\Handlers\FileHandler' driver.
CRITICAL - 2024-01-11 15:27:42 --> Class 'App\Controllers\Notif' not found
in APPPATH/Controllers/Home.php on line 21.
 1 SYSTEMPATH/CodeIgniter.php(891): App\Controllers\Home->__construct()
 2 SYSTEMPATH/CodeIgniter.php(485): CodeIgniter\CodeIgniter->createController()
 3 SYSTEMPATH/CodeIgniter.php(353): CodeIgniter\CodeIgniter->handleRequest()
 4 FCPATH/index.php(79): CodeIgniter\CodeIgniter->run()
 5 SYSTEMPATH/Commands/Server/rewrite.php(47): require_once('/home/asman/Documents/Project_Skripsi/yolan/public/index.php')
INFO - 2024-01-11 15:27:43 --> Session: Class initialized using 'CodeIgniter\Session\Handlers\FileHandler' driver.
CRITICAL - 2024-01-11 15:27:43 --> Class 'App\Controllers\Notif' not found
in APPPATH/Controllers/Home.php on line 21.
 1 SYSTEMPATH/CodeIgniter.php(891): App\Controllers\Home->__construct()
 2 SYSTEMPATH/CodeIgniter.php(485): CodeIgniter\CodeIgniter->createController()
 3 SYSTEMPATH/CodeIgniter.php(353): CodeIgniter\CodeIgniter->handleRequest()
 4 FCPATH/index.php(79): CodeIgniter\CodeIgniter->run()
 5 SYSTEMPATH/Commands/Server/rewrite.php(47): require_once('/home/asman/Documents/Project_Skripsi/yolan/public/index.php')
INFO - 2024-01-11 15:27:43 --> Session: Class initialized using 'CodeIgniter\Session\Handlers\FileHandler' driver.
CRITICAL - 2024-01-11 15:27:43 --> Class 'App\Controllers\Notif' not found
in APPPATH/Controllers/Home.php on line 21.
 1 SYSTEMPATH/CodeIgniter.php(891): App\Controllers\Home->__construct()
 2 SYSTEMPATH/CodeIgniter.php(485): CodeIgniter\CodeIgniter->createController()
 3 SYSTEMPATH/CodeIgniter.php(353): CodeIgniter\CodeIgniter->handleRequest()
 4 FCPATH/index.php(79): CodeIgniter\CodeIgniter->run()
 5 SYSTEMPATH/Commands/Server/rewrite.php(47): require_once('/home/asman/Documents/Project_Skripsi/yolan/public/index.php')
INFO - 2024-01-11 15:27:43 --> Session: Class initialized using 'CodeIgniter\Session\Handlers\FileHandler' driver.
CRITICAL - 2024-01-11 15:27:43 --> Class 'App\Controllers\Notif' not found
in APPPATH/Controllers/Home.php on line 21.
 1 SYSTEMPATH/CodeIgniter.php(891): App\Controllers\Home->__construct()
 2 SYSTEMPATH/CodeIgniter.php(485): CodeIgniter\CodeIgniter->createController()
 3 SYSTEMPATH/CodeIgniter.php(353): CodeIgniter\CodeIgniter->handleRequest()
 4 FCPATH/index.php(79): CodeIgniter\CodeIgniter->run()
 5 SYSTEMPATH/Commands/Server/rewrite.php(47): require_once('/home/asman/Documents/Project_Skripsi/yolan/public/index.php')
INFO - 2024-01-11 15:27:44 --> Session: Class initialized using 'CodeIgniter\Session\Handlers\FileHandler' driver.
CRITICAL - 2024-01-11 15:27:44 --> Class 'App\Controllers\Notif' not found
in APPPATH/Controllers/Home.php on line 21.
 1 SYSTEMPATH/CodeIgniter.php(891): App\Controllers\Home->__construct()
 2 SYSTEMPATH/CodeIgniter.php(485): CodeIgniter\CodeIgniter->createController()
 3 SYSTEMPATH/CodeIgniter.php(353): CodeIgniter\CodeIgniter->handleRequest()
 4 FCPATH/index.php(79): CodeIgniter\CodeIgniter->run()
 5 SYSTEMPATH/Commands/Server/rewrite.php(47): require_once('/home/asman/Documents/Project_Skripsi/yolan/public/index.php')
INFO - 2024-01-11 15:27:44 --> Session: Class initialized using 'CodeIgniter\Session\Handlers\FileHandler' driver.
CRITICAL - 2024-01-11 15:27:44 --> Class 'App\Controllers\Notif' not found
in APPPATH/Controllers/Home.php on line 21.
 1 SYSTEMPATH/CodeIgniter.php(891): App\Controllers\Home->__construct()
 2 SYSTEMPATH/CodeIgniter.php(485): CodeIgniter\CodeIgniter->createController()
 3 SYSTEMPATH/CodeIgniter.php(353): CodeIgniter\CodeIgniter->handleRequest()
 4 FCPATH/index.php(79): CodeIgniter\CodeIgniter->run()
 5 SYSTEMPATH/Commands/Server/rewrite.php(47): require_once('/home/asman/Documents/Project_Skripsi/yolan/public/index.php')
INFO - 2024-01-11 15:27:44 --> Session: Class initialized using 'CodeIgniter\Session\Handlers\FileHandler' driver.
CRITICAL - 2024-01-11 15:27:44 --> Class 'App\Controllers\Notif' not found
in APPPATH/Controllers/Home.php on line 21.
 1 SYSTEMPATH/CodeIgniter.php(891): App\Controllers\Home->__construct()
 2 SYSTEMPATH/CodeIgniter.php(485): CodeIgniter\CodeIgniter->createController()
 3 SYSTEMPATH/CodeIgniter.php(353): CodeIgniter\CodeIgniter->handleRequest()
 4 FCPATH/index.php(79): CodeIgniter\CodeIgniter->run()
 5 SYSTEMPATH/Commands/Server/rewrite.php(47): require_once('/home/asman/Documents/Project_Skripsi/yolan/public/index.php')
INFO - 2024-01-11 15:27:45 --> Session: Class initialized using 'CodeIgniter\Session\Handlers\FileHandler' driver.
CRITICAL - 2024-01-11 15:27:45 --> Class 'App\Controllers\Notif' not found
in APPPATH/Controllers/Home.php on line 21.
 1 SYSTEMPATH/CodeIgniter.php(891): App\Controllers\Home->__construct()
 2 SYSTEMPATH/CodeIgniter.php(485): CodeIgniter\CodeIgniter->createController()
 3 SYSTEMPATH/CodeIgniter.php(353): CodeIgniter\CodeIgniter->handleRequest()
 4 FCPATH/index.php(79): CodeIgniter\CodeIgniter->run()
 5 SYSTEMPATH/Commands/Server/rewrite.php(47): require_once('/home/asman/Documents/Project_Skripsi/yolan/public/index.php')
INFO - 2024-01-11 15:27:45 --> Session: Class initialized using 'CodeIgniter\Session\Handlers\FileHandler' driver.
CRITICAL - 2024-01-11 15:27:45 --> Class 'App\Controllers\Notif' not found
in APPPATH/Controllers/Home.php on line 21.
 1 SYSTEMPATH/CodeIgniter.php(891): App\Controllers\Home->__construct()
 2 SYSTEMPATH/CodeIgniter.php(485): CodeIgniter\CodeIgniter->createController()
 3 SYSTEMPATH/CodeIgniter.php(353): CodeIgniter\CodeIgniter->handleRequest()
 4 FCPATH/index.php(79): CodeIgniter\CodeIgniter->run()
 5 SYSTEMPATH/Commands/Server/rewrite.php(47): require_once('/home/asman/Documents/Project_Skripsi/yolan/public/index.php')
INFO - 2024-01-11 15:27:45 --> Session: Class initialized using 'CodeIgniter\Session\Handlers\FileHandler' driver.
CRITICAL - 2024-01-11 15:27:45 --> Class 'App\Controllers\Notif' not found
in APPPATH/Controllers/Home.php on line 21.
 1 SYSTEMPATH/CodeIgniter.php(891): App\Controllers\Home->__construct()
 2 SYSTEMPATH/CodeIgniter.php(485): CodeIgniter\CodeIgniter->createController()
 3 SYSTEMPATH/CodeIgniter.php(353): CodeIgniter\CodeIgniter->handleRequest()
 4 FCPATH/index.php(79): CodeIgniter\CodeIgniter->run()
 5 SYSTEMPATH/Commands/Server/rewrite.php(47): require_once('/home/asman/Documents/Project_Skripsi/yolan/public/index.php')
INFO - 2024-01-11 15:28:27 --> Session: Class initialized using 'CodeIgniter\Session\Handlers\FileHandler' driver.
CRITICAL - 2024-01-11 15:28:27 --> Class 'App\Controllers\Notif' not found
in APPPATH/Controllers/Home.php on line 22.
 1 SYSTEMPATH/CodeIgniter.php(891): App\Controllers\Home->__construct()
 2 SYSTEMPATH/CodeIgniter.php(485): CodeIgniter\CodeIgniter->createController()
 3 SYSTEMPATH/CodeIgniter.php(353): CodeIgniter\CodeIgniter->handleRequest()
 4 FCPATH/index.php(79): CodeIgniter\CodeIgniter->run()
 5 SYSTEMPATH/Commands/Server/rewrite.php(47): require_once('/home/asman/Documents/Project_Skripsi/yolan/public/index.php')
INFO - 2024-01-11 15:28:27 --> Session: Class initialized using 'CodeIgniter\Session\Handlers\FileHandler' driver.
CRITICAL - 2024-01-11 15:28:27 --> Class 'App\Controllers\Notif' not found
in APPPATH/Controllers/Home.php on line 22.
 1 SYSTEMPATH/CodeIgniter.php(891): App\Controllers\Home->__construct()
 2 SYSTEMPATH/CodeIgniter.php(485): CodeIgniter\CodeIgniter->createController()
 3 SYSTEMPATH/CodeIgniter.php(353): CodeIgniter\CodeIgniter->handleRequest()
 4 FCPATH/index.php(79): CodeIgniter\CodeIgniter->run()
 5 SYSTEMPATH/Commands/Server/rewrite.php(47): require_once('/home/asman/Documents/Project_Skripsi/yolan/public/index.php')
INFO - 2024-01-11 15:28:28 --> Session: Class initialized using 'CodeIgniter\Session\Handlers\FileHandler' driver.
CRITICAL - 2024-01-11 15:28:28 --> Class 'App\Controllers\Notif' not found
in APPPATH/Controllers/Home.php on line 22.
 1 SYSTEMPATH/CodeIgniter.php(891): App\Controllers\Home->__construct()
 2 SYSTEMPATH/CodeIgniter.php(485): CodeIgniter\CodeIgniter->createController()
 3 SYSTEMPATH/CodeIgniter.php(353): CodeIgniter\CodeIgniter->handleRequest()
 4 FCPATH/index.php(79): CodeIgniter\CodeIgniter->run()
 5 SYSTEMPATH/Commands/Server/rewrite.php(47): require_once('/home/asman/Documents/Project_Skripsi/yolan/public/index.php')
INFO - 2024-01-11 15:28:28 --> Session: Class initialized using 'CodeIgniter\Session\Handlers\FileHandler' driver.
CRITICAL - 2024-01-11 15:28:28 --> Class 'App\Controllers\Notif' not found
in APPPATH/Controllers/Home.php on line 22.
 1 SYSTEMPATH/CodeIgniter.php(891): App\Controllers\Home->__construct()
 2 SYSTEMPATH/CodeIgniter.php(485): CodeIgniter\CodeIgniter->createController()
 3 SYSTEMPATH/CodeIgniter.php(353): CodeIgniter\CodeIgniter->handleRequest()
 4 FCPATH/index.php(79): CodeIgniter\CodeIgniter->run()
 5 SYSTEMPATH/Commands/Server/rewrite.php(47): require_once('/home/asman/Documents/Project_Skripsi/yolan/public/index.php')
INFO - 2024-01-11 15:28:28 --> Session: Class initialized using 'CodeIgniter\Session\Handlers\FileHandler' driver.
CRITICAL - 2024-01-11 15:28:28 --> Class 'App\Controllers\Notif' not found
in APPPATH/Controllers/Home.php on line 22.
 1 SYSTEMPATH/CodeIgniter.php(891): App\Controllers\Home->__construct()
 2 SYSTEMPATH/CodeIgniter.php(485): CodeIgniter\CodeIgniter->createController()
 3 SYSTEMPATH/CodeIgniter.php(353): CodeIgniter\CodeIgniter->handleRequest()
 4 FCPATH/index.php(79): CodeIgniter\CodeIgniter->run()
 5 SYSTEMPATH/Commands/Server/rewrite.php(47): require_once('/home/asman/Documents/Project_Skripsi/yolan/public/index.php')
INFO - 2024-01-11 15:28:28 --> Session: Class initialized using 'CodeIgniter\Session\Handlers\FileHandler' driver.
CRITICAL - 2024-01-11 15:28:28 --> Class 'App\Controllers\Notif' not found
in APPPATH/Controllers/Home.php on line 22.
 1 SYSTEMPATH/CodeIgniter.php(891): App\Controllers\Home->__construct()
 2 SYSTEMPATH/CodeIgniter.php(485): CodeIgniter\CodeIgniter->createController()
 3 SYSTEMPATH/CodeIgniter.php(353): CodeIgniter\CodeIgniter->handleRequest()
 4 FCPATH/index.php(79): CodeIgniter\CodeIgniter->run()
 5 SYSTEMPATH/Commands/Server/rewrite.php(47): require_once('/home/asman/Documents/Project_Skripsi/yolan/public/index.php')
INFO - 2024-01-11 15:29:18 --> Session: Class initialized using 'CodeIgniter\Session\Handlers\FileHandler' driver.
INFO - 2024-01-11 15:29:18 --> Session: Class initialized using 'CodeIgniter\Session\Handlers\FileHandler' driver.
INFO - 2024-01-11 15:30:02 --> Session: Class initialized using 'CodeIgniter\Session\Handlers\FileHandler' driver.
CRITICAL - 2024-01-11 15:30:02 --> Undefined variable: message
in APPPATH/Views/login.php on line 38.
 1 APPPATH/Views/login.php(38): CodeIgniter\Debug\Exceptions->errorHandler()
 2 SYSTEMPATH/View/View.php(226): include('/home/asman/Documents/Project_Skripsi/yolan/app/Views/login.php')
 3 SYSTEMPATH/View/View.php(229): CodeIgniter\View\View->CodeIgniter\View\{closure}()
 4 SYSTEMPATH/Common.php(1188): CodeIgniter\View\View->render()
 5 APPPATH/Controllers/Home.php(79): view()
 6 SYSTEMPATH/CodeIgniter.php(919): App\Controllers\Home->index()
 7 SYSTEMPATH/CodeIgniter.php(494): CodeIgniter\CodeIgniter->runController()
 8 SYSTEMPATH/CodeIgniter.php(353): CodeIgniter\CodeIgniter->handleRequest()
 9 FCPATH/index.php(79): CodeIgniter\CodeIgniter->run()
10 SYSTEMPATH/Commands/Server/rewrite.php(47): require_once('/home/asman/Documents/Project_Skripsi/yolan/public/index.php')
INFO - 2024-01-11 15:30:50 --> Session: Class initialized using 'CodeIgniter\Session\Handlers\FileHandler' driver.
CRITICAL - 2024-01-11 15:30:50 --> Undefined variable: message
in APPPATH/Views/login.php on line 38.
 1 APPPATH/Views/login.php(38): CodeIgniter\Debug\Exceptions->errorHandler()
 2 SYSTEMPATH/View/View.php(226): include('/home/asman/Documents/Project_Skripsi/yolan/app/Views/login.php')
 3 SYSTEMPATH/View/View.php(229): CodeIgniter\View\View->CodeIgniter\View\{closure}()
 4 SYSTEMPATH/Common.php(1188): CodeIgniter\View\View->render()
 5 APPPATH/Controllers/Home.php(79): view()
 6 SYSTEMPATH/CodeIgniter.php(919): App\Controllers\Home->index()
 7 SYSTEMPATH/CodeIgniter.php(494): CodeIgniter\CodeIgniter->runController()
 8 SYSTEMPATH/CodeIgniter.php(353): CodeIgniter\CodeIgniter->handleRequest()
 9 FCPATH/index.php(79): CodeIgniter\CodeIgniter->run()
10 SYSTEMPATH/Commands/Server/rewrite.php(47): require_once('/home/asman/Documents/Project_Skripsi/yolan/public/index.php')
INFO - 2024-01-11 15:32:44 --> Session: Class initialized using 'CodeIgniter\Session\Handlers\FileHandler' driver.
CRITICAL - 2024-01-11 15:32:44 --> Undefined variable: message
in APPPATH/Views/login.php on line 38.
 1 APPPATH/Views/login.php(38): CodeIgniter\Debug\Exceptions->errorHandler()
 2 SYSTEMPATH/View/View.php(226): include('/home/asman/Documents/Project_Skripsi/yolan/app/Views/login.php')
 3 SYSTEMPATH/View/View.php(229): CodeIgniter\View\View->CodeIgniter\View\{closure}()
 4 SYSTEMPATH/Common.php(1188): CodeIgniter\View\View->render()
 5 APPPATH/Controllers/Home.php(79): view()
 6 SYSTEMPATH/CodeIgniter.php(919): App\Controllers\Home->index()
 7 SYSTEMPATH/CodeIgniter.php(494): CodeIgniter\CodeIgniter->runController()
 8 SYSTEMPATH/CodeIgniter.php(353): CodeIgniter\CodeIgniter->handleRequest()
 9 FCPATH/index.php(79): CodeIgniter\CodeIgniter->run()
10 SYSTEMPATH/Commands/Server/rewrite.php(47): require_once('/home/asman/Documents/Project_Skripsi/yolan/public/index.php')
INFO - 2024-01-11 15:32:45 --> Session: Class initialized using 'CodeIgniter\Session\Handlers\FileHandler' driver.
CRITICAL - 2024-01-11 15:32:45 --> Undefined variable: message
in APPPATH/Views/login.php on line 38.
 1 APPPATH/Views/login.php(38): CodeIgniter\Debug\Exceptions->errorHandler()
 2 SYSTEMPATH/View/View.php(226): include('/home/asman/Documents/Project_Skripsi/yolan/app/Views/login.php')
 3 SYSTEMPATH/View/View.php(229): CodeIgniter\View\View->CodeIgniter\View\{closure}()
 4 SYSTEMPATH/Common.php(1188): CodeIgniter\View\View->render()
 5 APPPATH/Controllers/Home.php(79): view()
 6 SYSTEMPATH/CodeIgniter.php(919): App\Controllers\Home->index()
 7 SYSTEMPATH/CodeIgniter.php(494): CodeIgniter\CodeIgniter->runController()
 8 SYSTEMPATH/CodeIgniter.php(353): CodeIgniter\CodeIgniter->handleRequest()
 9 FCPATH/index.php(79): CodeIgniter\CodeIgniter->run()
10 SYSTEMPATH/Commands/Server/rewrite.php(47): require_once('/home/asman/Documents/Project_Skripsi/yolan/public/index.php')
INFO - 2024-01-11 15:32:47 --> Session: Class initialized using 'CodeIgniter\Session\Handlers\FileHandler' driver.
CRITICAL - 2024-01-11 15:32:47 --> Undefined variable: message
in APPPATH/Views/login.php on line 38.
 1 APPPATH/Views/login.php(38): CodeIgniter\Debug\Exceptions->errorHandler()
 2 SYSTEMPATH/View/View.php(226): include('/home/asman/Documents/Project_Skripsi/yolan/app/Views/login.php')
 3 SYSTEMPATH/View/View.php(229): CodeIgniter\View\View->CodeIgniter\View\{closure}()
 4 SYSTEMPATH/Common.php(1188): CodeIgniter\View\View->render()
 5 APPPATH/Controllers/Home.php(79): view()
 6 SYSTEMPATH/CodeIgniter.php(919): App\Controllers\Home->index()
 7 SYSTEMPATH/CodeIgniter.php(494): CodeIgniter\CodeIgniter->runController()
 8 SYSTEMPATH/CodeIgniter.php(353): CodeIgniter\CodeIgniter->handleRequest()
 9 FCPATH/index.php(79): CodeIgniter\CodeIgniter->run()
10 SYSTEMPATH/Commands/Server/rewrite.php(47): require_once('/home/asman/Documents/Project_Skripsi/yolan/public/index.php')
INFO - 2024-01-11 15:32:47 --> Session: Class initialized using 'CodeIgniter\Session\Handlers\FileHandler' driver.
CRITICAL - 2024-01-11 15:32:47 --> Undefined variable: message
in APPPATH/Views/login.php on line 38.
 1 APPPATH/Views/login.php(38): CodeIgniter\Debug\Exceptions->errorHandler()
 2 SYSTEMPATH/View/View.php(226): include('/home/asman/Documents/Project_Skripsi/yolan/app/Views/login.php')
 3 SYSTEMPATH/View/View.php(229): CodeIgniter\View\View->CodeIgniter\View\{closure}()
 4 SYSTEMPATH/Common.php(1188): CodeIgniter\View\View->render()
 5 APPPATH/Controllers/Home.php(79): view()
 6 SYSTEMPATH/CodeIgniter.php(919): App\Controllers\Home->index()
 7 SYSTEMPATH/CodeIgniter.php(494): CodeIgniter\CodeIgniter->runController()
 8 SYSTEMPATH/CodeIgniter.php(353): CodeIgniter\CodeIgniter->handleRequest()
 9 FCPATH/index.php(79): CodeIgniter\CodeIgniter->run()
10 SYSTEMPATH/Commands/Server/rewrite.php(47): require_once('/home/asman/Documents/Project_Skripsi/yolan/public/index.php')
INFO - 2024-01-11 15:32:48 --> Session: Class initialized using 'CodeIgniter\Session\Handlers\FileHandler' driver.
CRITICAL - 2024-01-11 15:32:48 --> Undefined variable: message
in APPPATH/Views/login.php on line 38.
 1 APPPATH/Views/login.php(38): CodeIgniter\Debug\Exceptions->errorHandler()
 2 SYSTEMPATH/View/View.php(226): include('/home/asman/Documents/Project_Skripsi/yolan/app/Views/login.php')
 3 SYSTEMPATH/View/View.php(229): CodeIgniter\View\View->CodeIgniter\View\{closure}()
 4 SYSTEMPATH/Common.php(1188): CodeIgniter\View\View->render()
 5 APPPATH/Controllers/Home.php(79): view()
 6 SYSTEMPATH/CodeIgniter.php(919): App\Controllers\Home->index()
 7 SYSTEMPATH/CodeIgniter.php(494): CodeIgniter\CodeIgniter->runController()
 8 SYSTEMPATH/CodeIgniter.php(353): CodeIgniter\CodeIgniter->handleRequest()
 9 FCPATH/index.php(79): CodeIgniter\CodeIgniter->run()
10 SYSTEMPATH/Commands/Server/rewrite.php(47): require_once('/home/asman/Documents/Project_Skripsi/yolan/public/index.php')
INFO - 2024-01-11 15:32:48 --> Session: Class initialized using 'CodeIgniter\Session\Handlers\FileHandler' driver.
CRITICAL - 2024-01-11 15:32:48 --> Undefined variable: message
in APPPATH/Views/login.php on line 38.
 1 APPPATH/Views/login.php(38): CodeIgniter\Debug\Exceptions->errorHandler()
 2 SYSTEMPATH/View/View.php(226): include('/home/asman/Documents/Project_Skripsi/yolan/app/Views/login.php')
 3 SYSTEMPATH/View/View.php(229): CodeIgniter\View\View->CodeIgniter\View\{closure}()
 4 SYSTEMPATH/Common.php(1188): CodeIgniter\View\View->render()
 5 APPPATH/Controllers/Home.php(79): view()
 6 SYSTEMPATH/CodeIgniter.php(919): App\Controllers\Home->index()
 7 SYSTEMPATH/CodeIgniter.php(494): CodeIgniter\CodeIgniter->runController()
 8 SYSTEMPATH/CodeIgniter.php(353): CodeIgniter\CodeIgniter->handleRequest()
 9 FCPATH/index.php(79): CodeIgniter\CodeIgniter->run()
10 SYSTEMPATH/Commands/Server/rewrite.php(47): require_once('/home/asman/Documents/Project_Skripsi/yolan/public/index.php')
INFO - 2024-01-11 15:32:48 --> Session: Class initialized using 'CodeIgniter\Session\Handlers\FileHandler' driver.
CRITICAL - 2024-01-11 15:32:48 --> Undefined variable: message
in APPPATH/Views/login.php on line 38.
 1 APPPATH/Views/login.php(38): CodeIgniter\Debug\Exceptions->errorHandler()
 2 SYSTEMPATH/View/View.php(226): include('/home/asman/Documents/Project_Skripsi/yolan/app/Views/login.php')
 3 SYSTEMPATH/View/View.php(229): CodeIgniter\View\View->CodeIgniter\View\{closure}()
 4 SYSTEMPATH/Common.php(1188): CodeIgniter\View\View->render()
 5 APPPATH/Controllers/Home.php(79): view()
 6 SYSTEMPATH/CodeIgniter.php(919): App\Controllers\Home->index()
 7 SYSTEMPATH/CodeIgniter.php(494): CodeIgniter\CodeIgniter->runController()
 8 SYSTEMPATH/CodeIgniter.php(353): CodeIgniter\CodeIgniter->handleRequest()
 9 FCPATH/index.php(79): CodeIgniter\CodeIgniter->run()
10 SYSTEMPATH/Commands/Server/rewrite.php(47): require_once('/home/asman/Documents/Project_Skripsi/yolan/public/index.php')
INFO - 2024-01-11 15:32:48 --> Session: Class initialized using 'CodeIgniter\Session\Handlers\FileHandler' driver.
CRITICAL - 2024-01-11 15:32:48 --> Undefined variable: message
in APPPATH/Views/login.php on line 38.
 1 APPPATH/Views/login.php(38): CodeIgniter\Debug\Exceptions->errorHandler()
 2 SYSTEMPATH/View/View.php(226): include('/home/asman/Documents/Project_Skripsi/yolan/app/Views/login.php')
 3 SYSTEMPATH/View/View.php(229): CodeIgniter\View\View->CodeIgniter\View\{closure}()
 4 SYSTEMPATH/Common.php(1188): CodeIgniter\View\View->render()
 5 APPPATH/Controllers/Home.php(79): view()
 6 SYSTEMPATH/CodeIgniter.php(919): App\Controllers\Home->index()
 7 SYSTEMPATH/CodeIgniter.php(494): CodeIgniter\CodeIgniter->runController()
 8 SYSTEMPATH/CodeIgniter.php(353): CodeIgniter\CodeIgniter->handleRequest()
 9 FCPATH/index.php(79): CodeIgniter\CodeIgniter->run()
10 SYSTEMPATH/Commands/Server/rewrite.php(47): require_once('/home/asman/Documents/Project_Skripsi/yolan/public/index.php')
INFO - 2024-01-11 15:32:48 --> Session: Class initialized using 'CodeIgniter\Session\Handlers\FileHandler' driver.
CRITICAL - 2024-01-11 15:32:48 --> Undefined variable: message
in APPPATH/Views/login.php on line 38.
 1 APPPATH/Views/login.php(38): CodeIgniter\Debug\Exceptions->errorHandler()
 2 SYSTEMPATH/View/View.php(226): include('/home/asman/Documents/Project_Skripsi/yolan/app/Views/login.php')
 3 SYSTEMPATH/View/View.php(229): CodeIgniter\View\View->CodeIgniter\View\{closure}()
 4 SYSTEMPATH/Common.php(1188): CodeIgniter\View\View->render()
 5 APPPATH/Controllers/Home.php(79): view()
 6 SYSTEMPATH/CodeIgniter.php(919): App\Controllers\Home->index()
 7 SYSTEMPATH/CodeIgniter.php(494): CodeIgniter\CodeIgniter->runController()
 8 SYSTEMPATH/CodeIgniter.php(353): CodeIgniter\CodeIgniter->handleRequest()
 9 FCPATH/index.php(79): CodeIgniter\CodeIgniter->run()
10 SYSTEMPATH/Commands/Server/rewrite.php(47): require_once('/home/asman/Documents/Project_Skripsi/yolan/public/index.php')
INFO - 2024-01-11 15:32:48 --> Session: Class initialized using 'CodeIgniter\Session\Handlers\FileHandler' driver.
CRITICAL - 2024-01-11 15:32:48 --> Undefined variable: message
in APPPATH/Views/login.php on line 38.
 1 APPPATH/Views/login.php(38): CodeIgniter\Debug\Exceptions->errorHandler()
 2 SYSTEMPATH/View/View.php(226): include('/home/asman/Documents/Project_Skripsi/yolan/app/Views/login.php')
 3 SYSTEMPATH/View/View.php(229): CodeIgniter\View\View->CodeIgniter\View\{closure}()
 4 SYSTEMPATH/Common.php(1188): CodeIgniter\View\View->render()
 5 APPPATH/Controllers/Home.php(79): view()
 6 SYSTEMPATH/CodeIgniter.php(919): App\Controllers\Home->index()
 7 SYSTEMPATH/CodeIgniter.php(494): CodeIgniter\CodeIgniter->runController()
 8 SYSTEMPATH/CodeIgniter.php(353): CodeIgniter\CodeIgniter->handleRequest()
 9 FCPATH/index.php(79): CodeIgniter\CodeIgniter->run()
10 SYSTEMPATH/Commands/Server/rewrite.php(47): require_once('/home/asman/Documents/Project_Skripsi/yolan/public/index.php')
INFO - 2024-01-11 15:33:33 --> Session: Class initialized using 'CodeIgniter\Session\Handlers\FileHandler' driver.
CRITICAL - 2024-01-11 15:33:33 --> Undefined variable: message
in APPPATH/Views/login.php on line 38.
 1 APPPATH/Views/login.php(38): CodeIgniter\Debug\Exceptions->errorHandler()
 2 SYSTEMPATH/View/View.php(226): include('/home/asman/Documents/Project_Skripsi/yolan/app/Views/login.php')
 3 SYSTEMPATH/View/View.php(229): CodeIgniter\View\View->CodeIgniter\View\{closure}()
 4 SYSTEMPATH/Common.php(1188): CodeIgniter\View\View->render()
 5 APPPATH/Controllers/Home.php(79): view()
 6 SYSTEMPATH/CodeIgniter.php(919): App\Controllers\Home->index()
 7 SYSTEMPATH/CodeIgniter.php(494): CodeIgniter\CodeIgniter->runController()
 8 SYSTEMPATH/CodeIgniter.php(353): CodeIgniter\CodeIgniter->handleRequest()
 9 FCPATH/index.php(79): CodeIgniter\CodeIgniter->run()
10 SYSTEMPATH/Commands/Server/rewrite.php(47): require_once('/home/asman/Documents/Project_Skripsi/yolan/public/index.php')
INFO - 2024-01-11 15:33:35 --> Session: Class initialized using 'CodeIgniter\Session\Handlers\FileHandler' driver.
CRITICAL - 2024-01-11 15:33:35 --> Undefined variable: message
in APPPATH/Views/login.php on line 38.
 1 APPPATH/Views/login.php(38): CodeIgniter\Debug\Exceptions->errorHandler()
 2 SYSTEMPATH/View/View.php(226): include('/home/asman/Documents/Project_Skripsi/yolan/app/Views/login.php')
 3 SYSTEMPATH/View/View.php(229): CodeIgniter\View\View->CodeIgniter\View\{closure}()
 4 SYSTEMPATH/Common.php(1188): CodeIgniter\View\View->render()
 5 APPPATH/Controllers/Home.php(79): view()
 6 SYSTEMPATH/CodeIgniter.php(919): App\Controllers\Home->index()
 7 SYSTEMPATH/CodeIgniter.php(494): CodeIgniter\CodeIgniter->runController()
 8 SYSTEMPATH/CodeIgniter.php(353): CodeIgniter\CodeIgniter->handleRequest()
 9 FCPATH/index.php(79): CodeIgniter\CodeIgniter->run()
10 SYSTEMPATH/Commands/Server/rewrite.php(47): require_once('/home/asman/Documents/Project_Skripsi/yolan/public/index.php')
INFO - 2024-01-11 15:33:35 --> Session: Class initialized using 'CodeIgniter\Session\Handlers\FileHandler' driver.
CRITICAL - 2024-01-11 15:33:35 --> Undefined variable: message
in APPPATH/Views/login.php on line 38.
 1 APPPATH/Views/login.php(38): CodeIgniter\Debug\Exceptions->errorHandler()
 2 SYSTEMPATH/View/View.php(226): include('/home/asman/Documents/Project_Skripsi/yolan/app/Views/login.php')
 3 SYSTEMPATH/View/View.php(229): CodeIgniter\View\View->CodeIgniter\View\{closure}()
 4 SYSTEMPATH/Common.php(1188): CodeIgniter\View\View->render()
 5 APPPATH/Controllers/Home.php(79): view()
 6 SYSTEMPATH/CodeIgniter.php(919): App\Controllers\Home->index()
 7 SYSTEMPATH/CodeIgniter.php(494): CodeIgniter\CodeIgniter->runController()
 8 SYSTEMPATH/CodeIgniter.php(353): CodeIgniter\CodeIgniter->handleRequest()
 9 FCPATH/index.php(79): CodeIgniter\CodeIgniter->run()
10 SYSTEMPATH/Commands/Server/rewrite.php(47): require_once('/home/asman/Documents/Project_Skripsi/yolan/public/index.php')
INFO - 2024-01-11 15:33:35 --> Session: Class initialized using 'CodeIgniter\Session\Handlers\FileHandler' driver.
CRITICAL - 2024-01-11 15:33:35 --> Undefined variable: message
in APPPATH/Views/login.php on line 38.
 1 APPPATH/Views/login.php(38): CodeIgniter\Debug\Exceptions->errorHandler()
 2 SYSTEMPATH/View/View.php(226): include('/home/asman/Documents/Project_Skripsi/yolan/app/Views/login.php')
 3 SYSTEMPATH/View/View.php(229): CodeIgniter\View\View->CodeIgniter\View\{closure}()
 4 SYSTEMPATH/Common.php(1188): CodeIgniter\View\View->render()
 5 APPPATH/Controllers/Home.php(79): view()
 6 SYSTEMPATH/CodeIgniter.php(919): App\Controllers\Home->index()
 7 SYSTEMPATH/CodeIgniter.php(494): CodeIgniter\CodeIgniter->runController()
 8 SYSTEMPATH/CodeIgniter.php(353): CodeIgniter\CodeIgniter->handleRequest()
 9 FCPATH/index.php(79): CodeIgniter\CodeIgniter->run()
10 SYSTEMPATH/Commands/Server/rewrite.php(47): require_once('/home/asman/Documents/Project_Skripsi/yolan/public/index.php')
INFO - 2024-01-11 15:33:36 --> Session: Class initialized using 'CodeIgniter\Session\Handlers\FileHandler' driver.
CRITICAL - 2024-01-11 15:33:36 --> Undefined variable: message
in APPPATH/Views/login.php on line 38.
 1 APPPATH/Views/login.php(38): CodeIgniter\Debug\Exceptions->errorHandler()
 2 SYSTEMPATH/View/View.php(226): include('/home/asman/Documents/Project_Skripsi/yolan/app/Views/login.php')
 3 SYSTEMPATH/View/View.php(229): CodeIgniter\View\View->CodeIgniter\View\{closure}()
 4 SYSTEMPATH/Common.php(1188): CodeIgniter\View\View->render()
 5 APPPATH/Controllers/Home.php(79): view()
 6 SYSTEMPATH/CodeIgniter.php(919): App\Controllers\Home->index()
 7 SYSTEMPATH/CodeIgniter.php(494): CodeIgniter\CodeIgniter->runController()
 8 SYSTEMPATH/CodeIgniter.php(353): CodeIgniter\CodeIgniter->handleRequest()
 9 FCPATH/index.php(79): CodeIgniter\CodeIgniter->run()
10 SYSTEMPATH/Commands/Server/rewrite.php(47): require_once('/home/asman/Documents/Project_Skripsi/yolan/public/index.php')
INFO - 2024-01-11 15:33:45 --> Session: Class initialized using 'CodeIgniter\Session\Handlers\FileHandler' driver.
INFO - 2024-01-11 15:36:45 --> Session: Class initialized using 'CodeIgniter\Session\Handlers\FileHandler' driver.
CRITICAL - 2024-01-11 15:36:45 --> Undefined variable: message
in APPPATH/Views/login.php on line 38.
 1 APPPATH/Views/login.php(38): CodeIgniter\Debug\Exceptions->errorHandler()
 2 SYSTEMPATH/View/View.php(226): include('/home/asman/Documents/Project_Skripsi/yolan/app/Views/login.php')
 3 SYSTEMPATH/View/View.php(229): CodeIgniter\View\View->CodeIgniter\View\{closure}()
 4 SYSTEMPATH/Common.php(1188): CodeIgniter\View\View->render()
 5 APPPATH/Controllers/Home.php(79): view()
 6 SYSTEMPATH/CodeIgniter.php(919): App\Controllers\Home->index()
 7 SYSTEMPATH/CodeIgniter.php(494): CodeIgniter\CodeIgniter->runController()
 8 SYSTEMPATH/CodeIgniter.php(353): CodeIgniter\CodeIgniter->handleRequest()
 9 FCPATH/index.php(79): CodeIgniter\CodeIgniter->run()
10 SYSTEMPATH/Commands/Server/rewrite.php(47): require_once('/home/asman/Documents/Project_Skripsi/yolan/public/index.php')
INFO - 2024-01-11 15:37:29 --> Session: Class initialized using 'CodeIgniter\Session\Handlers\FileHandler' driver.
INFO - 2024-01-11 15:37:41 --> Session: Class initialized using 'CodeIgniter\Session\Handlers\FileHandler' driver.
INFO - 2024-01-11 15:39:08 --> Session: Class initialized using 'CodeIgniter\Session\Handlers\FileHandler' driver.
INFO - 2024-01-11 15:39:14 --> Session: Class initialized using 'CodeIgniter\Session\Handlers\FileHandler' driver.
INFO - 2024-01-11 15:39:26 --> Session: Class initialized using 'CodeIgniter\Session\Handlers\FileHandler' driver.
INFO - 2024-01-11 15:39:31 --> Session: Class initialized using 'CodeIgniter\Session\Handlers\FileHandler' driver.
INFO - 2024-01-11 15:39:31 --> Session: Class initialized using 'CodeIgniter\Session\Handlers\FileHandler' driver.
INFO - 2024-01-11 15:43:06 --> Session: Class initialized using 'CodeIgniter\Session\Handlers\FileHandler' driver.
INFO - 2024-01-11 15:44:30 --> Session: Class initialized using 'CodeIgniter\Session\Handlers\FileHandler' driver.
CRITICAL - 2024-01-11 15:44:30 --> Undefined variable: message
in APPPATH/Views/login.php on line 38.
 1 APPPATH/Views/login.php(38): CodeIgniter\Debug\Exceptions->errorHandler()
 2 SYSTEMPATH/View/View.php(226): include('/home/asman/Documents/Project_Skripsi/yolan/app/Views/login.php')
 3 SYSTEMPATH/View/View.php(229): CodeIgniter\View\View->CodeIgniter\View\{closure}()
 4 SYSTEMPATH/Common.php(1188): CodeIgniter\View\View->render()
 5 APPPATH/Controllers/Home.php(80): view()
 6 SYSTEMPATH/CodeIgniter.php(919): App\Controllers\Home->index()
 7 SYSTEMPATH/CodeIgniter.php(494): CodeIgniter\CodeIgniter->runController()
 8 SYSTEMPATH/CodeIgniter.php(353): CodeIgniter\CodeIgniter->handleRequest()
 9 FCPATH/index.php(79): CodeIgniter\CodeIgniter->run()
10 SYSTEMPATH/Commands/Server/rewrite.php(47): require_once('/home/asman/Documents/Project_Skripsi/yolan/public/index.php')
INFO - 2024-01-11 15:44:48 --> Session: Class initialized using 'CodeIgniter\Session\Handlers\FileHandler' driver.
CRITICAL - 2024-01-11 15:44:48 --> Undefined variable: message
in APPPATH/Views/login.php on line 38.
 1 APPPATH/Views/login.php(38): CodeIgniter\Debug\Exceptions->errorHandler()
 2 SYSTEMPATH/View/View.php(226): include('/home/asman/Documents/Project_Skripsi/yolan/app/Views/login.php')
 3 SYSTEMPATH/View/View.php(229): CodeIgniter\View\View->CodeIgniter\View\{closure}()
 4 SYSTEMPATH/Common.php(1188): CodeIgniter\View\View->render()
 5 APPPATH/Controllers/Home.php(80): view()
 6 SYSTEMPATH/CodeIgniter.php(919): App\Controllers\Home->index()
 7 SYSTEMPATH/CodeIgniter.php(494): CodeIgniter\CodeIgniter->runController()
 8 SYSTEMPATH/CodeIgniter.php(353): CodeIgniter\CodeIgniter->handleRequest()
 9 FCPATH/index.php(79): CodeIgniter\CodeIgniter->run()
10 SYSTEMPATH/Commands/Server/rewrite.php(47): require_once('/home/asman/Documents/Project_Skripsi/yolan/public/index.php')
INFO - 2024-01-11 15:44:50 --> Session: Class initialized using 'CodeIgniter\Session\Handlers\FileHandler' driver.
CRITICAL - 2024-01-11 15:44:50 --> Undefined variable: message
in APPPATH/Views/login.php on line 38.
 1 APPPATH/Views/login.php(38): CodeIgniter\Debug\Exceptions->errorHandler()
 2 SYSTEMPATH/View/View.php(226): include('/home/asman/Documents/Project_Skripsi/yolan/app/Views/login.php')
 3 SYSTEMPATH/View/View.php(229): CodeIgniter\View\View->CodeIgniter\View\{closure}()
 4 SYSTEMPATH/Common.php(1188): CodeIgniter\View\View->render()
 5 APPPATH/Controllers/Home.php(80): view()
 6 SYSTEMPATH/CodeIgniter.php(919): App\Controllers\Home->index()
 7 SYSTEMPATH/CodeIgniter.php(494): CodeIgniter\CodeIgniter->runController()
 8 SYSTEMPATH/CodeIgniter.php(353): CodeIgniter\CodeIgniter->handleRequest()
 9 FCPATH/index.php(79): CodeIgniter\CodeIgniter->run()
10 SYSTEMPATH/Commands/Server/rewrite.php(47): require_once('/home/asman/Documents/Project_Skripsi/yolan/public/index.php')
INFO - 2024-01-11 15:44:50 --> Session: Class initialized using 'CodeIgniter\Session\Handlers\FileHandler' driver.
CRITICAL - 2024-01-11 15:44:50 --> Undefined variable: message
in APPPATH/Views/login.php on line 38.
 1 APPPATH/Views/login.php(38): CodeIgniter\Debug\Exceptions->errorHandler()
 2 SYSTEMPATH/View/View.php(226): include('/home/asman/Documents/Project_Skripsi/yolan/app/Views/login.php')
 3 SYSTEMPATH/View/View.php(229): CodeIgniter\View\View->CodeIgniter\View\{closure}()
 4 SYSTEMPATH/Common.php(1188): CodeIgniter\View\View->render()
 5 APPPATH/Controllers/Home.php(80): view()
 6 SYSTEMPATH/CodeIgniter.php(919): App\Controllers\Home->index()
 7 SYSTEMPATH/CodeIgniter.php(494): CodeIgniter\CodeIgniter->runController()
 8 SYSTEMPATH/CodeIgniter.php(353): CodeIgniter\CodeIgniter->handleRequest()
 9 FCPATH/index.php(79): CodeIgniter\CodeIgniter->run()
10 SYSTEMPATH/Commands/Server/rewrite.php(47): require_once('/home/asman/Documents/Project_Skripsi/yolan/public/index.php')
INFO - 2024-01-11 15:44:50 --> Session: Class initialized using 'CodeIgniter\Session\Handlers\FileHandler' driver.
CRITICAL - 2024-01-11 15:44:50 --> Undefined variable: message
in APPPATH/Views/login.php on line 38.
 1 APPPATH/Views/login.php(38): CodeIgniter\Debug\Exceptions->errorHandler()
 2 SYSTEMPATH/View/View.php(226): include('/home/asman/Documents/Project_Skripsi/yolan/app/Views/login.php')
 3 SYSTEMPATH/View/View.php(229): CodeIgniter\View\View->CodeIgniter\View\{closure}()
 4 SYSTEMPATH/Common.php(1188): CodeIgniter\View\View->render()
 5 APPPATH/Controllers/Home.php(80): view()
 6 SYSTEMPATH/CodeIgniter.php(919): App\Controllers\Home->index()
 7 SYSTEMPATH/CodeIgniter.php(494): CodeIgniter\CodeIgniter->runController()
 8 SYSTEMPATH/CodeIgniter.php(353): CodeIgniter\CodeIgniter->handleRequest()
 9 FCPATH/index.php(79): CodeIgniter\CodeIgniter->run()
10 SYSTEMPATH/Commands/Server/rewrite.php(47): require_once('/home/asman/Documents/Project_Skripsi/yolan/public/index.php')
INFO - 2024-01-11 15:44:50 --> Session: Class initialized using 'CodeIgniter\Session\Handlers\FileHandler' driver.
CRITICAL - 2024-01-11 15:44:50 --> Undefined variable: message
in APPPATH/Views/login.php on line 38.
 1 APPPATH/Views/login.php(38): CodeIgniter\Debug\Exceptions->errorHandler()
 2 SYSTEMPATH/View/View.php(226): include('/home/asman/Documents/Project_Skripsi/yolan/app/Views/login.php')
 3 SYSTEMPATH/View/View.php(229): CodeIgniter\View\View->CodeIgniter\View\{closure}()
 4 SYSTEMPATH/Common.php(1188): CodeIgniter\View\View->render()
 5 APPPATH/Controllers/Home.php(80): view()
 6 SYSTEMPATH/CodeIgniter.php(919): App\Controllers\Home->index()
 7 SYSTEMPATH/CodeIgniter.php(494): CodeIgniter\CodeIgniter->runController()
 8 SYSTEMPATH/CodeIgniter.php(353): CodeIgniter\CodeIgniter->handleRequest()
 9 FCPATH/index.php(79): CodeIgniter\CodeIgniter->run()
10 SYSTEMPATH/Commands/Server/rewrite.php(47): require_once('/home/asman/Documents/Project_Skripsi/yolan/public/index.php')
INFO - 2024-01-11 15:45:28 --> Session: Class initialized using 'CodeIgniter\Session\Handlers\FileHandler' driver.
INFO - 2024-01-11 15:45:32 --> Session: Class initialized using 'CodeIgniter\Session\Handlers\FileHandler' driver.
CRITICAL - 2024-01-11 15:45:32 --> Undefined variable: check
in APPPATH/Views/login.php on line 37.
 1 APPPATH/Views/login.php(37): CodeIgniter\Debug\Exceptions->errorHandler()
 2 SYSTEMPATH/View/View.php(226): include('/home/asman/Documents/Project_Skripsi/yolan/app/Views/login.php')
 3 SYSTEMPATH/View/View.php(229): CodeIgniter\View\View->CodeIgniter\View\{closure}()
 4 SYSTEMPATH/Common.php(1188): CodeIgniter\View\View->render()
 5 APPPATH/Controllers/Home.php(62): view()
 6 SYSTEMPATH/CodeIgniter.php(919): App\Controllers\Home->login()
 7 SYSTEMPATH/CodeIgniter.php(494): CodeIgniter\CodeIgniter->runController()
 8 SYSTEMPATH/CodeIgniter.php(353): CodeIgniter\CodeIgniter->handleRequest()
 9 FCPATH/index.php(79): CodeIgniter\CodeIgniter->run()
10 SYSTEMPATH/Commands/Server/rewrite.php(47): require_once('/home/asman/Documents/Project_Skripsi/yolan/public/index.php')
INFO - 2024-01-11 15:45:53 --> Session: Class initialized using 'CodeIgniter\Session\Handlers\FileHandler' driver.
INFO - 2024-01-11 15:46:01 --> Session: Class initialized using 'CodeIgniter\Session\Handlers\FileHandler' driver.
INFO - 2024-01-11 15:46:07 --> Session: Class initialized using 'CodeIgniter\Session\Handlers\FileHandler' driver.
INFO - 2024-01-11 15:46:11 --> Session: Class initialized using 'CodeIgniter\Session\Handlers\FileHandler' driver.
INFO - 2024-01-11 15:46:12 --> Session: Class initialized using 'CodeIgniter\Session\Handlers\FileHandler' driver.
INFO - 2024-01-11 15:47:01 --> Session: Class initialized using 'CodeIgniter\Session\Handlers\FileHandler' driver.
INFO - 2024-01-11 15:47:12 --> Session: Class initialized using 'CodeIgniter\Session\Handlers\FileHandler' driver.
INFO - 2024-01-11 15:47:37 --> Session: Class initialized using 'CodeIgniter\Session\Handlers\FileHandler' driver.
CRITICAL - 2024-01-11 15:47:37 --> Undefined property: stdClass::$role
in APPPATH/Controllers/Home.php on line 46.
 1 APPPATH/Controllers/Home.php(46): CodeIgniter\Debug\Exceptions->errorHandler()
 2 SYSTEMPATH/CodeIgniter.php(919): App\Controllers\Home->login()
 3 SYSTEMPATH/CodeIgniter.php(494): CodeIgniter\CodeIgniter->runController()
 4 SYSTEMPATH/CodeIgniter.php(353): CodeIgniter\CodeIgniter->handleRequest()
 5 FCPATH/index.php(79): CodeIgniter\CodeIgniter->run()
 6 SYSTEMPATH/Commands/Server/rewrite.php(47): require_once('/home/asman/Documents/Project_Skripsi/yolan/public/index.php')
INFO - 2024-01-11 15:48:00 --> Session: Class initialized using 'CodeIgniter\Session\Handlers\FileHandler' driver.
CRITICAL - 2024-01-11 15:48:00 --> Undefined property: stdClass::$id_akun
in APPPATH/Controllers/Home.php on line 47.
 1 APPPATH/Controllers/Home.php(47): CodeIgniter\Debug\Exceptions->errorHandler()
 2 SYSTEMPATH/CodeIgniter.php(919): App\Controllers\Home->login()
 3 SYSTEMPATH/CodeIgniter.php(494): CodeIgniter\CodeIgniter->runController()
 4 SYSTEMPATH/CodeIgniter.php(353): CodeIgniter\CodeIgniter->handleRequest()
 5 FCPATH/index.php(79): CodeIgniter\CodeIgniter->run()
 6 SYSTEMPATH/Commands/Server/rewrite.php(47): require_once('/home/asman/Documents/Project_Skripsi/yolan/public/index.php')
INFO - 2024-01-11 15:49:04 --> Session: Class initialized using 'CodeIgniter\Session\Handlers\FileHandler' driver.
CRITICAL - 2024-01-11 15:49:04 --> Invalid file: "/.php"
in SYSTEMPATH/Exceptions/FrameworkException.php on line 39.
 1 SYSTEMPATH/View/View.php(214): CodeIgniter\Exceptions\FrameworkException::forInvalidFile()
 2 SYSTEMPATH/Common.php(1188): CodeIgniter\View\View->render()
 3 APPPATH/Controllers/Home.php(52): view()
 4 SYSTEMPATH/CodeIgniter.php(919): App\Controllers\Home->login()
 5 SYSTEMPATH/CodeIgniter.php(494): CodeIgniter\CodeIgniter->runController()
 6 SYSTEMPATH/CodeIgniter.php(353): CodeIgniter\CodeIgniter->handleRequest()
 7 FCPATH/index.php(79): CodeIgniter\CodeIgniter->run()
 8 SYSTEMPATH/Commands/Server/rewrite.php(47): require_once('/home/asman/Documents/Project_Skripsi/yolan/public/index.php')
INFO - 2024-01-11 15:49:37 --> Session: Class initialized using 'CodeIgniter\Session\Handlers\FileHandler' driver.
INFO - 2024-01-11 15:50:41 --> Session: Class initialized using 'CodeIgniter\Session\Handlers\FileHandler' driver.
INFO - 2024-01-11 15:50:53 --> Session: Class initialized using 'CodeIgniter\Session\Handlers\FileHandler' driver.
INFO - 2024-01-11 15:51:21 --> Session: Class initialized using 'CodeIgniter\Session\Handlers\FileHandler' driver.
INFO - 2024-01-11 15:52:09 --> Session: Class initialized using 'CodeIgniter\Session\Handlers\FileHandler' driver.
INFO - 2024-01-11 15:54:13 --> Session: Class initialized using 'CodeIgniter\Session\Handlers\FileHandler' driver.
INFO - 2024-01-11 15:54:16 --> Session: Class initialized using 'CodeIgniter\Session\Handlers\FileHandler' driver.
INFO - 2024-01-11 15:54:16 --> Session: Class initialized using 'CodeIgniter\Session\Handlers\FileHandler' driver.
INFO - 2024-01-11 15:54:35 --> Session: Class initialized using 'CodeIgniter\Session\Handlers\FileHandler' driver.
CRITICAL - 2024-01-11 15:54:35 --> Invalid file: "/.php"
in SYSTEMPATH/Exceptions/FrameworkException.php on line 39.
 1 SYSTEMPATH/View/View.php(214): CodeIgniter\Exceptions\FrameworkException::forInvalidFile()
 2 SYSTEMPATH/Common.php(1188): CodeIgniter\View\View->render()
 3 APPPATH/Controllers/Home.php(52): view()
 4 SYSTEMPATH/CodeIgniter.php(919): App\Controllers\Home->login()
 5 SYSTEMPATH/CodeIgniter.php(494): CodeIgniter\CodeIgniter->runController()
 6 SYSTEMPATH/CodeIgniter.php(353): CodeIgniter\CodeIgniter->handleRequest()
 7 FCPATH/index.php(79): CodeIgniter\CodeIgniter->run()
 8 SYSTEMPATH/Commands/Server/rewrite.php(47): require_once('/home/asman/Documents/Project_Skripsi/yolan/public/index.php')
INFO - 2024-01-11 15:55:42 --> Session: Class initialized using 'CodeIgniter\Session\Handlers\FileHandler' driver.
INFO - 2024-01-11 15:55:47 --> Session: Class initialized using 'CodeIgniter\Session\Handlers\FileHandler' driver.
INFO - 2024-01-11 15:55:47 --> Session: Class initialized using 'CodeIgniter\Session\Handlers\FileHandler' driver.
INFO - 2024-01-11 15:55:50 --> Session: Class initialized using 'CodeIgniter\Session\Handlers\FileHandler' driver.
INFO - 2024-01-11 15:55:51 --> Session: Class initialized using 'CodeIgniter\Session\Handlers\FileHandler' driver.
INFO - 2024-01-11 15:55:56 --> Session: Class initialized using 'CodeIgniter\Session\Handlers\FileHandler' driver.
CRITICAL - 2024-01-11 15:55:56 --> Invalid file: "/.php"
in SYSTEMPATH/Exceptions/FrameworkException.php on line 39.
 1 SYSTEMPATH/View/View.php(214): CodeIgniter\Exceptions\FrameworkException::forInvalidFile()
 2 SYSTEMPATH/Common.php(1188): CodeIgniter\View\View->render()
 3 APPPATH/Controllers/Home.php(52): view()
 4 SYSTEMPATH/CodeIgniter.php(919): App\Controllers\Home->login()
 5 SYSTEMPATH/CodeIgniter.php(494): CodeIgniter\CodeIgniter->runController()
 6 SYSTEMPATH/CodeIgniter.php(353): CodeIgniter\CodeIgniter->handleRequest()
 7 FCPATH/index.php(79): CodeIgniter\CodeIgniter->run()
 8 SYSTEMPATH/Commands/Server/rewrite.php(47): require_once('/home/asman/Documents/Project_Skripsi/yolan/public/index.php')
INFO - 2024-01-11 15:55:59 --> Session: Class initialized using 'CodeIgniter\Session\Handlers\FileHandler' driver.
INFO - 2024-01-11 15:56:01 --> Session: Class initialized using 'CodeIgniter\Session\Handlers\FileHandler' driver.
INFO - 2024-01-11 15:56:26 --> Session: Class initialized using 'CodeIgniter\Session\Handlers\FileHandler' driver.
INFO - 2024-01-11 15:56:26 --> Session: Class initialized using 'CodeIgniter\Session\Handlers\FileHandler' driver.
INFO - 2024-01-11 15:56:32 --> Session: Class initialized using 'CodeIgniter\Session\Handlers\FileHandler' driver.
CRITICAL - 2024-01-11 15:56:32 --> Invalid file: "/.php"
in SYSTEMPATH/Exceptions/FrameworkException.php on line 39.
 1 SYSTEMPATH/View/View.php(214): CodeIgniter\Exceptions\FrameworkException::forInvalidFile()
 2 SYSTEMPATH/Common.php(1188): CodeIgniter\View\View->render()
 3 APPPATH/Controllers/Home.php(52): view()
 4 SYSTEMPATH/CodeIgniter.php(919): App\Controllers\Home->login()
 5 SYSTEMPATH/CodeIgniter.php(494): CodeIgniter\CodeIgniter->runController()
 6 SYSTEMPATH/CodeIgniter.php(353): CodeIgniter\CodeIgniter->handleRequest()
 7 FCPATH/index.php(79): CodeIgniter\CodeIgniter->run()
 8 SYSTEMPATH/Commands/Server/rewrite.php(47): require_once('/home/asman/Documents/Project_Skripsi/yolan/public/index.php')
INFO - 2024-01-11 15:57:30 --> Session: Class initialized using 'CodeIgniter\Session\Handlers\FileHandler' driver.
CRITICAL - 2024-01-11 15:57:30 --> Invalid file: "/.php"
in SYSTEMPATH/Exceptions/FrameworkException.php on line 39.
 1 SYSTEMPATH/View/View.php(214): CodeIgniter\Exceptions\FrameworkException::forInvalidFile()
 2 SYSTEMPATH/Common.php(1188): CodeIgniter\View\View->render()
 3 APPPATH/Controllers/Home.php(32): view()
 4 SYSTEMPATH/CodeIgniter.php(919): App\Controllers\Home->login()
 5 SYSTEMPATH/CodeIgniter.php(494): CodeIgniter\CodeIgniter->runController()
 6 SYSTEMPATH/CodeIgniter.php(353): CodeIgniter\CodeIgniter->handleRequest()
 7 FCPATH/index.php(79): CodeIgniter\CodeIgniter->run()
 8 SYSTEMPATH/Commands/Server/rewrite.php(47): require_once('/home/asman/Documents/Project_Skripsi/yolan/public/index.php')
INFO - 2024-01-11 15:57:32 --> Session: Class initialized using 'CodeIgniter\Session\Handlers\FileHandler' driver.
INFO - 2024-01-11 15:57:36 --> Session: Class initialized using 'CodeIgniter\Session\Handlers\FileHandler' driver.
INFO - 2024-01-11 15:57:36 --> Session: Class initialized using 'CodeIgniter\Session\Handlers\FileHandler' driver.
INFO - 2024-01-11 15:57:42 --> Session: Class initialized using 'CodeIgniter\Session\Handlers\FileHandler' driver.
INFO - 2024-01-11 15:57:42 --> Session: Class initialized using 'CodeIgniter\Session\Handlers\FileHandler' driver.
INFO - 2024-01-11 15:57:48 --> Session: Class initialized using 'CodeIgniter\Session\Handlers\FileHandler' driver.
INFO - 2024-01-11 16:00:02 --> Session: Class initialized using 'CodeIgniter\Session\Handlers\FileHandler' driver.
INFO - 2024-01-11 16:00:06 --> Session: Class initialized using 'CodeIgniter\Session\Handlers\FileHandler' driver.
INFO - 2024-01-11 16:00:06 --> Session: Class initialized using 'CodeIgniter\Session\Handlers\FileHandler' driver.
INFO - 2024-01-11 16:00:12 --> Session: Class initialized using 'CodeIgniter\Session\Handlers\FileHandler' driver.
INFO - 2024-01-11 16:03:43 --> Session: Class initialized using 'CodeIgniter\Session\Handlers\FileHandler' driver.
INFO - 2024-01-11 16:03:44 --> Session: Class initialized using 'CodeIgniter\Session\Handlers\FileHandler' driver.
INFO - 2024-01-11 16:04:47 --> Session: Class initialized using 'CodeIgniter\Session\Handlers\FileHandler' driver.
INFO - 2024-01-11 16:05:12 --> Session: Class initialized using 'CodeIgniter\Session\Handlers\FileHandler' driver.
INFO - 2024-01-11 16:05:28 --> Session: Class initialized using 'CodeIgniter\Session\Handlers\FileHandler' driver.
INFO - 2024-01-11 16:05:37 --> Session: Class initialized using 'CodeIgniter\Session\Handlers\FileHandler' driver.
INFO - 2024-01-11 16:08:29 --> Session: Class initialized using 'CodeIgniter\Session\Handlers\FileHandler' driver.
INFO - 2024-01-11 16:08:29 --> Session: Class initialized using 'CodeIgniter\Session\Handlers\FileHandler' driver.
INFO - 2024-01-11 16:08:34 --> Session: Class initialized using 'CodeIgniter\Session\Handlers\FileHandler' driver.
INFO - 2024-01-11 16:08:50 --> Session: Class initialized using 'CodeIgniter\Session\Handlers\FileHandler' driver.
INFO - 2024-01-11 16:09:07 --> Session: Class initialized using 'CodeIgniter\Session\Handlers\FileHandler' driver.
INFO - 2024-01-11 16:09:07 --> Session: Class initialized using 'CodeIgniter\Session\Handlers\FileHandler' driver.
INFO - 2024-01-11 16:09:22 --> Session: Class initialized using 'CodeIgniter\Session\Handlers\FileHandler' driver.
INFO - 2024-01-11 16:09:22 --> Session: Class initialized using 'CodeIgniter\Session\Handlers\FileHandler' driver.
INFO - 2024-01-11 16:10:11 --> Session: Class initialized using 'CodeIgniter\Session\Handlers\FileHandler' driver.
INFO - 2024-01-11 16:10:32 --> Session: Class initialized using 'CodeIgniter\Session\Handlers\FileHandler' driver.
INFO - 2024-01-11 16:10:50 --> Session: Class initialized using 'CodeIgniter\Session\Handlers\FileHandler' driver.
INFO - 2024-01-11 16:11:05 --> Session: Class initialized using 'CodeIgniter\Session\Handlers\FileHandler' driver.
INFO - 2024-01-11 16:11:05 --> Session: Class initialized using 'CodeIgniter\Session\Handlers\FileHandler' driver.
INFO - 2024-01-11 16:11:27 --> Session: Class initialized using 'CodeIgniter\Session\Handlers\FileHandler' driver.
INFO - 2024-01-11 16:11:34 --> Session: Class initialized using 'CodeIgniter\Session\Handlers\FileHandler' driver.
INFO - 2024-01-11 16:11:34 --> Session: Class initialized using 'CodeIgniter\Session\Handlers\FileHandler' driver.
INFO - 2024-01-11 16:11:58 --> Session: Class initialized using 'CodeIgniter\Session\Handlers\FileHandler' driver.
INFO - 2024-01-11 16:11:58 --> Session: Class initialized using 'CodeIgniter\Session\Handlers\FileHandler' driver.
INFO - 2024-01-11 16:12:14 --> Session: Class initialized using 'CodeIgniter\Session\Handlers\FileHandler' driver.
INFO - 2024-01-11 16:12:14 --> Session: Class initialized using 'CodeIgniter\Session\Handlers\FileHandler' driver.
INFO - 2024-01-11 16:12:24 --> Session: Class initialized using 'CodeIgniter\Session\Handlers\FileHandler' driver.
INFO - 2024-01-11 16:12:24 --> Session: Class initialized using 'CodeIgniter\Session\Handlers\FileHandler' driver.
INFO - 2024-01-11 16:12:25 --> Session: Class initialized using 'CodeIgniter\Session\Handlers\FileHandler' driver.
INFO - 2024-01-11 16:12:26 --> Session: Class initialized using 'CodeIgniter\Session\Handlers\FileHandler' driver.
INFO - 2024-01-11 16:12:34 --> Session: Class initialized using 'CodeIgniter\Session\Handlers\FileHandler' driver.
INFO - 2024-01-11 16:12:35 --> Session: Class initialized using 'CodeIgniter\Session\Handlers\FileHandler' driver.
INFO - 2024-01-11 16:12:36 --> Session: Class initialized using 'CodeIgniter\Session\Handlers\FileHandler' driver.
INFO - 2024-01-11 16:12:42 --> Session: Class initialized using 'CodeIgniter\Session\Handlers\FileHandler' driver.
INFO - 2024-01-11 16:12:42 --> Session: Class initialized using 'CodeIgniter\Session\Handlers\FileHandler' driver.
INFO - 2024-01-11 16:15:20 --> Session: Class initialized using 'CodeIgniter\Session\Handlers\FileHandler' driver.
