INFO - 2024-03-15 13:37:25 --> Session: Class initialized using 'CodeIgniter\Session\Handlers\FileHandler' driver.
WARNING - 2024-03-15 13:37:25 --> [DEPRECATED] Creation of dynamic property App\Controllers\Home::$db is deprecated in APPPATH\Controllers\Home.php on line 21.
 1 SYSTEMPATH\CodeIgniter.php(891): App\Controllers\Home->__construct()
 2 SYSTEMPATH\CodeIgniter.php(485): CodeIgniter\CodeIgniter->createController()
 3 SYSTEMPATH\CodeIgniter.php(353): CodeIgniter\CodeIgniter->handleRequest(null, Object(Config\Cache), false)
 4 FCPATH\index.php(79): CodeIgniter\CodeIgniter->run()
 5 SYSTEMPATH\Commands\Server\rewrite.php(47): require_once('C:\\Users\\DELL\\Documents\\rosyad\\project\\joki\\kamu mendarat\\formgit\\yolan\\public\\index.php')
WARNING - 2024-03-15 13:37:26 --> [DEPRECATED] Creation of dynamic property App\Controllers\Home::$moduser is deprecated in APPPATH\Controllers\Home.php on line 22.
 1 SYSTEMPATH\CodeIgniter.php(891): App\Controllers\Home->__construct()
 2 SYSTEMPATH\CodeIgniter.php(485): CodeIgniter\CodeIgniter->createController()
 3 SYSTEMPATH\CodeIgniter.php(353): CodeIgniter\CodeIgniter->handleRequest(null, Object(Config\Cache), false)
 4 FCPATH\index.php(79): CodeIgniter\CodeIgniter->run()
 5 SYSTEMPATH\Commands\Server\rewrite.php(47): require_once('C:\\Users\\DELL\\Documents\\rosyad\\project\\joki\\kamu mendarat\\formgit\\yolan\\public\\index.php')
WARNING - 2024-03-15 13:37:26 --> [DEPRECATED] Creation of dynamic property App\Libraries\Notification::$session is deprecated in APPPATH\Libraries\Notification.php on line 7.
 1 APPPATH\Controllers\Home.php(23): App\Libraries\Notification->__construct()
 2 SYSTEMPATH\CodeIgniter.php(891): App\Controllers\Home->__construct()
 3 SYSTEMPATH\CodeIgniter.php(485): CodeIgniter\CodeIgniter->createController()
 4 SYSTEMPATH\CodeIgniter.php(353): CodeIgniter\CodeIgniter->handleRequest(null, Object(Config\Cache), false)
 5 FCPATH\index.php(79): CodeIgniter\CodeIgniter->run()
 6 SYSTEMPATH\Commands\Server\rewrite.php(47): require_once('C:\\Users\\DELL\\Documents\\rosyad\\project\\joki\\kamu mendarat\\formgit\\yolan\\public\\index.php')
INFO - 2024-03-15 13:39:56 --> Session: Class initialized using 'CodeIgniter\Session\Handlers\FileHandler' driver.
WARNING - 2024-03-15 13:39:56 --> [DEPRECATED] Creation of dynamic property App\Controllers\Home::$db is deprecated in APPPATH\Controllers\Home.php on line 21.
 1 SYSTEMPATH\CodeIgniter.php(891): App\Controllers\Home->__construct()
 2 SYSTEMPATH\CodeIgniter.php(485): CodeIgniter\CodeIgniter->createController()
 3 SYSTEMPATH\CodeIgniter.php(353): CodeIgniter\CodeIgniter->handleRequest(null, Object(Config\Cache), false)
 4 FCPATH\index.php(79): CodeIgniter\CodeIgniter->run()
 5 SYSTEMPATH\Commands\Server\rewrite.php(47): require_once('C:\\Users\\DELL\\Documents\\rosyad\\project\\joki\\kamu mendarat\\formgit\\yolan\\public\\index.php')
WARNING - 2024-03-15 13:39:56 --> [DEPRECATED] Creation of dynamic property App\Controllers\Home::$moduser is deprecated in APPPATH\Controllers\Home.php on line 22.
 1 SYSTEMPATH\CodeIgniter.php(891): App\Controllers\Home->__construct()
 2 SYSTEMPATH\CodeIgniter.php(485): CodeIgniter\CodeIgniter->createController()
 3 SYSTEMPATH\CodeIgniter.php(353): CodeIgniter\CodeIgniter->handleRequest(null, Object(Config\Cache), false)
 4 FCPATH\index.php(79): CodeIgniter\CodeIgniter->run()
 5 SYSTEMPATH\Commands\Server\rewrite.php(47): require_once('C:\\Users\\DELL\\Documents\\rosyad\\project\\joki\\kamu mendarat\\formgit\\yolan\\public\\index.php')
WARNING - 2024-03-15 13:39:56 --> [DEPRECATED] Creation of dynamic property App\Libraries\Notification::$session is deprecated in APPPATH\Libraries\Notification.php on line 7.
 1 APPPATH\Controllers\Home.php(23): App\Libraries\Notification->__construct()
 2 SYSTEMPATH\CodeIgniter.php(891): App\Controllers\Home->__construct()
 3 SYSTEMPATH\CodeIgniter.php(485): CodeIgniter\CodeIgniter->createController()
 4 SYSTEMPATH\CodeIgniter.php(353): CodeIgniter\CodeIgniter->handleRequest(null, Object(Config\Cache), false)
 5 FCPATH\index.php(79): CodeIgniter\CodeIgniter->run()
 6 SYSTEMPATH\Commands\Server\rewrite.php(47): require_once('C:\\Users\\DELL\\Documents\\rosyad\\project\\joki\\kamu mendarat\\formgit\\yolan\\public\\index.php')
INFO - 2024-03-15 13:40:04 --> Session: Class initialized using 'CodeIgniter\Session\Handlers\FileHandler' driver.
WARNING - 2024-03-15 13:40:04 --> [DEPRECATED] Creation of dynamic property App\Controllers\Home::$db is deprecated in APPPATH\Controllers\Home.php on line 21.
 1 SYSTEMPATH\CodeIgniter.php(891): App\Controllers\Home->__construct()
 2 SYSTEMPATH\CodeIgniter.php(485): CodeIgniter\CodeIgniter->createController()
 3 SYSTEMPATH\CodeIgniter.php(353): CodeIgniter\CodeIgniter->handleRequest(null, Object(Config\Cache), false)
 4 FCPATH\index.php(79): CodeIgniter\CodeIgniter->run()
 5 SYSTEMPATH\Commands\Server\rewrite.php(47): require_once('C:\\Users\\DELL\\Documents\\rosyad\\project\\joki\\kamu mendarat\\formgit\\yolan\\public\\index.php')
WARNING - 2024-03-15 13:40:04 --> [DEPRECATED] Creation of dynamic property App\Controllers\Home::$moduser is deprecated in APPPATH\Controllers\Home.php on line 22.
 1 SYSTEMPATH\CodeIgniter.php(891): App\Controllers\Home->__construct()
 2 SYSTEMPATH\CodeIgniter.php(485): CodeIgniter\CodeIgniter->createController()
 3 SYSTEMPATH\CodeIgniter.php(353): CodeIgniter\CodeIgniter->handleRequest(null, Object(Config\Cache), false)
 4 FCPATH\index.php(79): CodeIgniter\CodeIgniter->run()
 5 SYSTEMPATH\Commands\Server\rewrite.php(47): require_once('C:\\Users\\DELL\\Documents\\rosyad\\project\\joki\\kamu mendarat\\formgit\\yolan\\public\\index.php')
WARNING - 2024-03-15 13:40:04 --> [DEPRECATED] Creation of dynamic property App\Libraries\Notification::$session is deprecated in APPPATH\Libraries\Notification.php on line 7.
 1 APPPATH\Controllers\Home.php(23): App\Libraries\Notification->__construct()
 2 SYSTEMPATH\CodeIgniter.php(891): App\Controllers\Home->__construct()
 3 SYSTEMPATH\CodeIgniter.php(485): CodeIgniter\CodeIgniter->createController()
 4 SYSTEMPATH\CodeIgniter.php(353): CodeIgniter\CodeIgniter->handleRequest(null, Object(Config\Cache), false)
 5 FCPATH\index.php(79): CodeIgniter\CodeIgniter->run()
 6 SYSTEMPATH\Commands\Server\rewrite.php(47): require_once('C:\\Users\\DELL\\Documents\\rosyad\\project\\joki\\kamu mendarat\\formgit\\yolan\\public\\index.php')
ERROR - 2024-03-15 13:40:04 --> Error connecting to the database: mysqli_sql_exception: Access denied for user 'new_user'@'localhost' (using password: YES) in C:\Users\DELL\Documents\rosyad\project\joki\kamu mendarat\formgit\yolan\system\Database\MySQLi\Connection.php:184
Stack trace:
#0 C:\Users\DELL\Documents\rosyad\project\joki\kamu mendarat\formgit\yolan\system\Database\MySQLi\Connection.php(184): mysqli->real_connect('localhost', 'new_user', Object(SensitiveParameterValue), 'yolan_skripsi', 3306, '', 0)
#1 C:\Users\DELL\Documents\rosyad\project\joki\kamu mendarat\formgit\yolan\system\Database\BaseConnection.php(391): CodeIgniter\Database\MySQLi\Connection->connect(false)
#2 C:\Users\DELL\Documents\rosyad\project\joki\kamu mendarat\formgit\yolan\system\Database\BaseConnection.php(574): CodeIgniter\Database\BaseConnection->initialize()
#3 C:\Users\DELL\Documents\rosyad\project\joki\kamu mendarat\formgit\yolan\system\Database\BaseBuilder.php(1615): CodeIgniter\Database\BaseConnection->query('SELECT *\nFROM `...', Array, false)
#4 C:\Users\DELL\Documents\rosyad\project\joki\kamu mendarat\formgit\yolan\system\Model.php(199): CodeIgniter\Database\BaseBuilder->get()
#5 C:\Users\DELL\Documents\rosyad\project\joki\kamu mendarat\formgit\yolan\system\BaseModel.php(563): CodeIgniter\Model->doFind(false, NULL)
#6 C:\Users\DELL\Documents\rosyad\project\joki\kamu mendarat\formgit\yolan\app\Controllers\Home.php(45): CodeIgniter\BaseModel->find()
#7 C:\Users\DELL\Documents\rosyad\project\joki\kamu mendarat\formgit\yolan\system\CodeIgniter.php(919): App\Controllers\Home->login()
#8 C:\Users\DELL\Documents\rosyad\project\joki\kamu mendarat\formgit\yolan\system\CodeIgniter.php(494): CodeIgniter\CodeIgniter->runController(Object(App\Controllers\Home))
#9 C:\Users\DELL\Documents\rosyad\project\joki\kamu mendarat\formgit\yolan\system\CodeIgniter.php(353): CodeIgniter\CodeIgniter->handleRequest(NULL, Object(Config\Cache), false)
#10 C:\Users\DELL\Documents\rosyad\project\joki\kamu mendarat\formgit\yolan\public\index.php(79): CodeIgniter\CodeIgniter->run()
#11 C:\Users\DELL\Documents\rosyad\project\joki\kamu mendarat\formgit\yolan\system\Commands\Server\rewrite.php(47): require_once('C:\\Users\\DELL\\D...')
#12 {main}

Next CodeIgniter\Database\Exceptions\DatabaseException: Access denied for user '****'@'localhost' (using ****: YES) in C:\Users\DELL\Documents\rosyad\project\joki\kamu mendarat\formgit\yolan\system\Database\MySQLi\Connection.php:229
Stack trace:
#0 C:\Users\DELL\Documents\rosyad\project\joki\kamu mendarat\formgit\yolan\system\Database\BaseConnection.php(391): CodeIgniter\Database\MySQLi\Connection->connect(false)
#1 C:\Users\DELL\Documents\rosyad\project\joki\kamu mendarat\formgit\yolan\system\Database\BaseConnection.php(574): CodeIgniter\Database\BaseConnection->initialize()
#2 C:\Users\DELL\Documents\rosyad\project\joki\kamu mendarat\formgit\yolan\system\Database\BaseBuilder.php(1615): CodeIgniter\Database\BaseConnection->query('SELECT *\nFROM `...', Array, false)
#3 C:\Users\DELL\Documents\rosyad\project\joki\kamu mendarat\formgit\yolan\system\Model.php(199): CodeIgniter\Database\BaseBuilder->get()
#4 C:\Users\DELL\Documents\rosyad\project\joki\kamu mendarat\formgit\yolan\system\BaseModel.php(563): CodeIgniter\Model->doFind(false, NULL)
#5 C:\Users\DELL\Documents\rosyad\project\joki\kamu mendarat\formgit\yolan\app\Controllers\Home.php(45): CodeIgniter\BaseModel->find()
#6 C:\Users\DELL\Documents\rosyad\project\joki\kamu mendarat\formgit\yolan\system\CodeIgniter.php(919): App\Controllers\Home->login()
#7 C:\Users\DELL\Documents\rosyad\project\joki\kamu mendarat\formgit\yolan\system\CodeIgniter.php(494): CodeIgniter\CodeIgniter->runController(Object(App\Controllers\Home))
#8 C:\Users\DELL\Documents\rosyad\project\joki\kamu mendarat\formgit\yolan\system\CodeIgniter.php(353): CodeIgniter\CodeIgniter->handleRequest(NULL, Object(Config\Cache), false)
#9 C:\Users\DELL\Documents\rosyad\project\joki\kamu mendarat\formgit\yolan\public\index.php(79): CodeIgniter\CodeIgniter->run()
#10 C:\Users\DELL\Documents\rosyad\project\joki\kamu mendarat\formgit\yolan\system\Commands\Server\rewrite.php(47): require_once('C:\\Users\\DELL\\D...')
#11 {main}
CRITICAL - 2024-03-15 13:40:04 --> Unable to connect to the database.
Main connection [MySQLi]: Access denied for user '****'@'localhost' (using ****: YES)
in SYSTEMPATH\Database\BaseConnection.php on line 427.
 1 SYSTEMPATH\Database\BaseConnection.php(574): CodeIgniter\Database\BaseConnection->initialize()
 2 SYSTEMPATH\Database\BaseBuilder.php(1615): CodeIgniter\Database\BaseConnection->query('SELECT *
FROM `user`
WHERE `username` = :username:
AND `password` = :password:
 LIMIT 1', [...], false)
 3 SYSTEMPATH\Model.php(199): CodeIgniter\Database\BaseBuilder->get()
 4 SYSTEMPATH\BaseModel.php(563): CodeIgniter\Model->doFind(false, null)
 5 APPPATH\Controllers\Home.php(45): CodeIgniter\BaseModel->find()
 6 SYSTEMPATH\CodeIgniter.php(919): App\Controllers\Home->login()
 7 SYSTEMPATH\CodeIgniter.php(494): CodeIgniter\CodeIgniter->runController(Object(App\Controllers\Home))
 8 SYSTEMPATH\CodeIgniter.php(353): CodeIgniter\CodeIgniter->handleRequest(null, Object(Config\Cache), false)
 9 FCPATH\index.php(79): CodeIgniter\CodeIgniter->run()
10 SYSTEMPATH\Commands\Server\rewrite.php(47): require_once('C:\\Users\\DELL\\Documents\\rosyad\\project\\joki\\kamu mendarat\\formgit\\yolan\\public\\index.php')
