CRITICAL - 2023-10-19 13:21:52 --> Invalid file: "html/index.php"
in SYSTEMPATH\Exceptions\FrameworkException.php on line 39.
 1 SYSTEMPATH\View\View.php(214): CodeIgniter\Exceptions\FrameworkException::forInvalidFile('html/index.php')
 2 SYSTEMPATH\Common.php(1188): CodeIgniter\View\View->render('html/index', [], true)
 3 APPPATH\Controllers\Home.php(9): view('html/index')
 4 SYSTEMPATH\CodeIgniter.php(919): App\Controllers\Home->index()
 5 SYSTEMPATH\CodeIgniter.php(494): CodeIgniter\CodeIgniter->runController(Object(App\Controllers\Home))
 6 SYSTEMPATH\CodeIgniter.php(353): CodeIgniter\CodeIgniter->handleRequest(null, Object(Config\Cache), false)
 7 FCPATH\index.php(79): CodeIgniter\CodeIgniter->run()
 8 SYSTEMPATH\Commands\Server\rewrite.php(47): require_once('C:\\xampp\\htdocs\\program\\public\\index.php')
CRITICAL - 2023-10-19 13:33:11 --> Invalid file: "html/index.php"
in SYSTEMPATH\Exceptions\FrameworkException.php on line 39.
 1 SYSTEMPATH\View\View.php(214): CodeIgniter\Exceptions\FrameworkException::forInvalidFile('html/index.php')
 2 SYSTEMPATH\Common.php(1188): CodeIgniter\View\View->render('html/index', [], true)
 3 APPPATH\Controllers\Home.php(9): view('html/index')
 4 SYSTEMPATH\CodeIgniter.php(919): App\Controllers\Home->index()
 5 SYSTEMPATH\CodeIgniter.php(494): CodeIgniter\CodeIgniter->runController(Object(App\Controllers\Home))
 6 SYSTEMPATH\CodeIgniter.php(353): CodeIgniter\CodeIgniter->handleRequest(null, Object(Config\Cache), false)
 7 FCPATH\index.php(79): CodeIgniter\CodeIgniter->run()
 8 SYSTEMPATH\Commands\Server\rewrite.php(47): require_once('C:\\xampp\\htdocs\\program\\public\\index.php')
CRITICAL - 2023-10-19 13:33:13 --> Invalid file: "html/index.php"
in SYSTEMPATH\Exceptions\FrameworkException.php on line 39.
 1 SYSTEMPATH\View\View.php(214): CodeIgniter\Exceptions\FrameworkException::forInvalidFile('html/index.php')
 2 SYSTEMPATH\Common.php(1188): CodeIgniter\View\View->render('html/index', [], true)
 3 APPPATH\Controllers\Home.php(9): view('html/index')
 4 SYSTEMPATH\CodeIgniter.php(919): App\Controllers\Home->index()
 5 SYSTEMPATH\CodeIgniter.php(494): CodeIgniter\CodeIgniter->runController(Object(App\Controllers\Home))
 6 SYSTEMPATH\CodeIgniter.php(353): CodeIgniter\CodeIgniter->handleRequest(null, Object(Config\Cache), false)
 7 FCPATH\index.php(79): CodeIgniter\CodeIgniter->run()
 8 SYSTEMPATH\Commands\Server\rewrite.php(47): require_once('C:\\xampp\\htdocs\\program\\public\\index.php')
CRITICAL - 2023-10-19 13:33:45 --> Invalid file: "index.php"
in SYSTEMPATH\Exceptions\FrameworkException.php on line 39.
 1 SYSTEMPATH\View\View.php(214): CodeIgniter\Exceptions\FrameworkException::forInvalidFile('index.php')
 2 SYSTEMPATH\Common.php(1188): CodeIgniter\View\View->render('index', [], true)
 3 APPPATH\Controllers\Home.php(9): view('index')
 4 SYSTEMPATH\CodeIgniter.php(919): App\Controllers\Home->index()
 5 SYSTEMPATH\CodeIgniter.php(494): CodeIgniter\CodeIgniter->runController(Object(App\Controllers\Home))
 6 SYSTEMPATH\CodeIgniter.php(353): CodeIgniter\CodeIgniter->handleRequest(null, Object(Config\Cache), false)
 7 FCPATH\index.php(79): CodeIgniter\CodeIgniter->run()
 8 SYSTEMPATH\Commands\Server\rewrite.php(47): require_once('C:\\xampp\\htdocs\\program\\public\\index.php')
